<?xml version='1.0' encoding='UTF-8' ?>
<testsuite name="com.example.android.testing.espresso.BasicSample.ChangeTextBehaviorKtTest" tests="6" failures="0" errors="0" skipped="0" time="13.316" timestamp="2025-08-02T20:20:07" hostname="localhost">
  <properties>
    <property name="device" value="Pixel_4_API_33(AVD) - 13" />
    <property name="flavor" value="" />
    <property name="project" value=":app" />
  </properties>
  <testcase name="testOpenActivityWith123" classname="com.example.android.testing.espresso.BasicSample.ChangeTextBehaviorKtTest" time="3.3" />
  <testcase name="testChangeTextWith123" classname="com.example.android.testing.espresso.BasicSample.ChangeTextBehaviorKtTest" time="1.831" />
  <testcase name="testChangeTextWithEmpty" classname="com.example.android.testing.espresso.BasicSample.ChangeTextBehaviorKtTest" time="1.239" />
  <testcase name="testOpenActivityWithEmpty" classname="com.example.android.testing.espresso.BasicSample.ChangeTextBehaviorKtTest" time="1.203" />
  <testcase name="testChangeTextWithAbcdef" classname="com.example.android.testing.espresso.BasicSample.ChangeTextBehaviorKtTest" time="2.039" />
  <testcase name="testOpenActivityWithAbcdef" classname="com.example.android.testing.espresso.BasicSample.ChangeTextBehaviorKtTest" time="1.954" />
</testsuite>